# JRE version: Java(TM) SE Runtime Environment (8.0_221-b11) (build 1.8.0_221-b11)
# Java VM: Java HotSpot(TM) 64-Bit Server VM (25.221-b11 mixed mode windows-amd64 compressed oops)
Heap:
 PSYoungGen      total 118784K, used 62835K [0x00000000f5580000, 0x00000000ffe00000, 0x0000000100000000)
  eden space 68608K, 48% used [0x00000000f5580000,0x00000000f7618520,0x00000000f9880000)
  from space 50176K, 58% used [0x00000000fca80000,0x00000000fe744a30,0x00000000ffb80000)
  to   space 51200K, 0% used [0x00000000f9880000,0x00000000f9880000,0x00000000fca80000)
 ParOldGen       total 349696K, used 204515K [0x00000000e0000000, 0x00000000f5580000, 0x00000000f5580000)
  object space 349696K, 58% used [0x00000000e0000000,0x00000000ec7b8c80,0x00000000f5580000)
 Metaspace       used 121816K, capacity 131734K, committed 132096K, reserved 1163264K
  class space    used 16134K, capacity 18306K, committed 18432K, reserved 1048576K
GC Heap History (10 events):
Event: 8262.192 GC heap before
{Heap before GC invocations=60 (full 6):
 PSYoungGen      total 116736K, used 64292K [0x00000000f5580000, 0x0000000100000000, 0x0000000100000000)
  eden space 58880K, 100% used [0x00000000f5580000,0x00000000f8f00000,0x00000000f8f00000)
  from space 57856K, 9% used [0x00000000f8f00000,0x00000000f9449138,0x00000000fc780000)
  to   space 57856K, 0% used [0x00000000fc780000,0x00000000fc780000,0x0000000100000000)
 ParOldGen       total 349696K, used 199733K [0x00000000e0000000, 0x00000000f5580000, 0x00000000f5580000)
  object space 349696K, 57% used [0x00000000e0000000,0x00000000ec30d530,0x00000000f5580000)
 Metaspace       used 111293K, capacity 118934K, committed 119552K, reserved 1153024K
  class space    used 14487K, capacity 16162K, committed 16384K, reserved 1048576K
Event: 8262.208 GC heap after
Heap after GC invocations=60 (full 6):
 PSYoungGen      total 115712K, used 8742K [0x00000000f5580000, 0x00000000fff00000, 0x0000000100000000)
  eden space 58880K, 0% used [0x00000000f5580000,0x00000000f5580000,0x00000000f8f00000)
  from space 56832K, 15% used [0x00000000fc780000,0x00000000fd009b40,0x00000000fff00000)
  to   space 57344K, 0% used [0x00000000f8f00000,0x00000000f8f00000,0x00000000fc700000)
 ParOldGen       total 349696K, used 204483K [0x00000000e0000000, 0x00000000f5580000, 0x00000000f5580000)
  object space 349696K, 58% used [0x00000000e0000000,0x00000000ec7b0c80,0x00000000f5580000)
 Metaspace       used 111293K, capacity 118934K, committed 119552K, reserved 1153024K
  class space    used 14487K, capacity 16162K, committed 16384K, reserved 1048576K
}
Event: 8262.630 GC heap before
{Heap before GC invocations=61 (full 6):
 PSYoungGen      total 115712K, used 67622K [0x00000000f5580000, 0x00000000fff00000, 0x0000000100000000)
  eden space 58880K, 100% used [0x00000000f5580000,0x00000000f8f00000,0x00000000f8f00000)
  from space 56832K, 15% used [0x00000000fc780000,0x00000000fd009b40,0x00000000fff00000)
  to   space 57344K, 0% used [0x00000000f8f00000,0x00000000f8f00000,0x00000000fc700000)
 ParOldGen       total 349696K, used 204483K [0x00000000e0000000, 0x00000000f5580000, 0x00000000f5580000)
  object space 349696K, 58% used [0x00000000e0000000,0x00000000ec7b0c80,0x00000000f5580000)
 Metaspace       used 114203K, capacity 122334K, committed 122880K, reserved 1155072K
  class space    used 14921K, capacity 16678K, committed 16896K, reserved 1048576K
Event: 8262.644 GC heap after
Heap after GC invocations=61 (full 6):
 PSYoungGen      total 69120K, used 10142K [0x00000000f5580000, 0x00000000ffc80000, 0x0000000100000000)
  eden space 58880K, 0% used [0x00000000f5580000,0x00000000f5580000,0x00000000f8f00000)
  from space 10240K, 99% used [0x00000000f8f00000,0x00000000f98e79e8,0x00000000f9900000)
  to   space 55296K, 0% used [0x00000000fc680000,0x00000000fc680000,0x00000000ffc80000)
 ParOldGen       total 349696K, used 204491K [0x00000000e0000000, 0x00000000f5580000, 0x00000000f5580000)
  object space 349696K, 58% used [0x00000000e0000000,0x00000000ec7b2c80,0x00000000f5580000)
 Metaspace       used 114203K, capacity 122334K, committed 122880K, reserved 1155072K
  class space    used 14921K, capacity 16678K, committed 16896K, reserved 1048576K
}
Event: 8265.786 GC heap before
{Heap before GC invocations=62 (full 6):
 PSYoungGen      total 69120K, used 69022K [0x00000000f5580000, 0x00000000ffc80000, 0x0000000100000000)
  eden space 58880K, 100% used [0x00000000f5580000,0x00000000f8f00000,0x00000000f8f00000)
  from space 10240K, 99% used [0x00000000f8f00000,0x00000000f98e79e8,0x00000000f9900000)
  to   space 55296K, 0% used [0x00000000fc680000,0x00000000fc680000,0x00000000ffc80000)
 ParOldGen       total 349696K, used 204491K [0x00000000e0000000, 0x00000000f5580000, 0x00000000f5580000)
  object space 349696K, 58% used [0x00000000e0000000,0x00000000ec7b2c80,0x00000000f5580000)
 Metaspace       used 117446K, capacity 126066K, committed 126208K, reserved 1159168K
  class space    used 15457K, capacity 17314K, committed 17408K, reserved 1048576K
Event: 8265.797 GC heap after
Heap after GC invocations=62 (full 6):
 PSYoungGen      total 116224K, used 14400K [0x00000000f5580000, 0x00000000ffa00000, 0x0000000100000000)
  eden space 63488K, 0% used [0x00000000f5580000,0x00000000f5580000,0x00000000f9380000)
  from space 52736K, 27% used [0x00000000fc680000,0x00000000fd4903f8,0x00000000ffa00000)
  to   space 52224K, 0% used [0x00000000f9380000,0x00000000f9380000,0x00000000fc680000)
 ParOldGen       total 349696K, used 204499K [0x00000000e0000000, 0x00000000f5580000, 0x00000000f5580000)
  object space 349696K, 58% used [0x00000000e0000000,0x00000000ec7b4c80,0x00000000f5580000)
 Metaspace       used 117446K, capacity 126066K, committed 126208K, reserved 1159168K
  class space    used 15457K, capacity 17314K, committed 17408K, reserved 1048576K
}
Event: 8266.471 GC heap before
{Heap before GC invocations=63 (full 6):
 PSYoungGen      total 116224K, used 77888K [0x00000000f5580000, 0x00000000ffa00000, 0x0000000100000000)
  eden space 63488K, 100% used [0x00000000f5580000,0x00000000f9380000,0x00000000f9380000)
  from space 52736K, 27% used [0x00000000fc680000,0x00000000fd4903f8,0x00000000ffa00000)
  to   space 52224K, 0% used [0x00000000f9380000,0x00000000f9380000,0x00000000fc680000)
 ParOldGen       total 349696K, used 204499K [0x00000000e0000000, 0x00000000f5580000, 0x00000000f5580000)
  object space 349696K, 58% used [0x00000000e0000000,0x00000000ec7b4c80,0x00000000f5580000)
 Metaspace       used 118705K, capacity 128162K, committed 128384K, reserved 1159168K
  class space    used 15670K, capacity 17750K, committed 17792K, reserved 1048576K
Event: 8266.495 GC heap after
Heap after GC invocations=63 (full 6):
 PSYoungGen      total 115712K, used 21874K [0x00000000f5580000, 0x00000000ffb80000, 0x0000000100000000)
  eden space 63488K, 0% used [0x00000000f5580000,0x00000000f5580000,0x00000000f9380000)
  from space 52224K, 41% used [0x00000000f9380000,0x00000000fa8dcba8,0x00000000fc680000)
  to   space 50176K, 0% used [0x00000000fca80000,0x00000000fca80000,0x00000000ffb80000)
 ParOldGen       total 349696K, used 204507K [0x00000000e0000000, 0x00000000f5580000, 0x00000000f5580000)
  object space 349696K, 58% used [0x00000000e0000000,0x00000000ec7b6c80,0x00000000f5580000)
 Metaspace       used 118705K, capacity 128162K, committed 128384K, reserved 1159168K
  class space    used 15670K, capacity 17750K, committed 17792K, reserved 1048576K
}
Event: 8267.008 GC heap before
{Heap before GC invocations=64 (full 6):
 PSYoungGen      total 115712K, used 85362K [0x00000000f5580000, 0x00000000ffb80000, 0x0000000100000000)
  eden space 63488K, 100% used [0x00000000f5580000,0x00000000f9380000,0x00000000f9380000)
  from space 52224K, 41% used [0x00000000f9380000,0x00000000fa8dcba8,0x00000000fc680000)
  to   space 50176K, 0% used [0x00000000fca80000,0x00000000fca80000,0x00000000ffb80000)
 ParOldGen       total 349696K, used 204507K [0x00000000e0000000, 0x00000000f5580000, 0x00000000f5580000)
  object space 349696K, 58% used [0x00000000e0000000,0x00000000ec7b6c80,0x00000000f5580000)
 Metaspace       used 121336K, capacity 131174K, committed 131200K, reserved 1163264K
  class space    used 16100K, capacity 18285K, committed 18304K, reserved 1048576K
Event: 8267.029 GC heap after
Heap after GC invocations=64 (full 6):
 PSYoungGen      total 118784K, used 29458K [0x00000000f5580000, 0x00000000ffe00000, 0x0000000100000000)
  eden space 68608K, 0% used [0x00000000f5580000,0x00000000f5580000,0x00000000f9880000)
  from space 50176K, 58% used [0x00000000fca80000,0x00000000fe744a30,0x00000000ffb80000)
  to   space 51200K, 0% used [0x00000000f9880000,0x00000000f9880000,0x00000000fca80000)
 ParOldGen       total 349696K, used 204515K [0x00000000e0000000, 0x00000000f5580000, 0x00000000f5580000)
  object space 349696K, 58% used [0x00000000e0000000,0x00000000ec7b8c80,0x00000000f5580000)
 Metaspace       used 121336K, capacity 131174K, committed 131200K, reserved 1163264K
  class space    used 16100K, capacity 18285K, committed 18304K, reserved 1048576K
}

